        -:    0:Source:isGameOverfunction.c
        -:    0:Graph:isGameOverfunction.gcno
        -:    0:Data:isGameOverfunction.gcda
        -:    0:Runs:1
        -:    0:Programs:1
        -:    1:#include <stdio.h>
        -:    2:#include "dominion.h"
        -:    3:#include "dominion_helpers.h"
        -:    4:
function isGameOver_t called 5 returned 100% blocks executed 100%
        5:    5:int isGameOver_t(struct gameState *state) {
        -:    6:	int i;
        -:    7:	int j;
        -:    8:
        -:    9:	//if stack of Province cards is empty, the game ends
        5:   10:	if (state->supplyCount[province] == 0)
branch  0 taken 20% (fallthrough)
branch  1 taken 80%
        -:   11:	{
        1:   12:		return 1;
        -:   13:	}
        -:   14:
        -:   15:	//if three supply pile are at 0, the game ends
        4:   16:	j = 0;
      104:   17:	for (i = 0; i < 25; i++)
branch  0 taken 96%
branch  1 taken 4% (fallthrough)
        -:   18:	{
      100:   19:		if (state->supplyCount[i] == 0)
branch  0 taken 6% (fallthrough)
branch  1 taken 94%
        -:   20:		{
        6:   21:			j++;
        -:   22:		}
        -:   23:	}
        4:   24:	if (j >= 3)
branch  0 taken 25% (fallthrough)
branch  1 taken 75%
        -:   25:	{
        1:   26:		return 1;
        -:   27:	}
        -:   28:
        3:   29:	return 0;
        -:   30:}
