        -:    0:Source:sea_hagfunction.c
        -:    0:Graph:sea_hagfunction.gcno
        -:    0:Data:sea_hagfunction.gcda
        -:    0:Runs:1
        -:    0:Programs:1
        -:    1:#include "dominion.h"
        -:    2:
        1:    3:int sea_hagfunction(int currentPlayer, struct gameState *state) {
        -:    4:
        -:    5:	int i;
        3:    6:	for (i = 0; i < state->numPlayers; i++) {
        2:    7:		if (i == currentPlayer) {
        1:    8:			state->discard[i][state->discardCount[i]] = state->deck[i][state->deckCount[i]--];			    
        1:    9:			state->deckCount[i]--;
        1:   10:			state->discardCount[i]++;
        1:   11:			state->deck[i][state->deckCount[i]--] = curse;//Top card now a curse
        -:   12:		}
        -:   13:	}
        1:   14:	return 0;
        -:   15:}
