        -:    0:Source:smithyfunction.c
        -:    0:Graph:smithyfunction.gcno
        -:    0:Data:smithyfunction.gcda
        -:    0:Runs:1
        -:    0:Programs:1
        -:    1:
        -:    2:
function smithyFunc called 1 returned 100% blocks executed 100%
        1:    3:int smithyFunc(int currentPlayer, int handPos, struct gameState *state) {
        -:    4:	int i;
        -:    5:	//+3 Cards
        5:    6:	for (i = 0; i < 4; i++)
branch  0 taken 80%
branch  1 taken 20% (fallthrough)
        -:    7:	{
        4:    8:		drawCard(currentPlayer, state);
call    0 returned 100%
        -:    9:	}
        -:   10:
        -:   11:	//discard card from hand
        1:   12:	discardCard(handPos, currentPlayer, state, 1);
call    0 returned 100%
        -:   13:
        1:   14:	return 0;
        -:   15:}
